c:\users\kuba\downloads\webhandvrdriver-main\openvr\samples\driver_sample\x64\release\vc143.pdb
c:\users\kuba\downloads\webhandvrdriver-main\openvr\samples\driver_sample\x64\release\driver_sample.obj
c:\users\kuba\downloads\webhandvrdriver-main\openvr\samples\driver_sample\x64\release\csamplecontrollerdriver.obj
c:\users\kuba\downloads\webhandvrdriver-main\openvr\samples\driver_sample\x64\release\cwatchdogdriver_sample.obj
c:\users\kuba\downloads\webhandvrdriver-main\openvr\samples\driver_sample\x64\release\cserverdriver_sample.obj
c:\users\kuba\downloads\webhandvrdriver-main\openvr\samples\driver_sample\x64\release\basics.obj
c:\users\kuba\downloads\webhandvrdriver-main\openvr\samples\driver_sample\bin\drivers\sample\bin\win64\driver_sample.lib
c:\users\kuba\downloads\webhandvrdriver-main\openvr\samples\driver_sample\bin\drivers\sample\bin\win64\driver_sample.exp
c:\users\kuba\downloads\webhandvrdriver-main\openvr\samples\driver_sample\bin\drivers\sample\bin\win64\driver_sample.dll
c:\users\kuba\downloads\webhandvrdriver-main\openvr\samples\driver_sample\x64\release\driver_sample.ipdb
c:\users\kuba\downloads\webhandvrdriver-main\openvr\samples\driver_sample\bin\drivers\sample\bin\win64\driver_sample.pdb
c:\users\kuba\downloads\webhandvrdriver-main\openvr\samples\driver_sample\x64\release\driver_sample.iobj
c:\users\kuba\downloads\webhandvrdriver-main\openvr\samples\driver_sample\\bin\drivers\sample\bin\win64\driver_sample.pdb
c:\users\kuba\downloads\webhandvrdriver-main\openvr\samples\driver_sample\x64\release\driver_sample.tlog\cl.command.1.tlog
c:\users\kuba\downloads\webhandvrdriver-main\openvr\samples\driver_sample\x64\release\driver_sample.tlog\cl.read.1.tlog
c:\users\kuba\downloads\webhandvrdriver-main\openvr\samples\driver_sample\x64\release\driver_sample.tlog\cl.write.1.tlog
c:\users\kuba\downloads\webhandvrdriver-main\openvr\samples\driver_sample\x64\release\driver_sample.tlog\link.command.1.tlog
c:\users\kuba\downloads\webhandvrdriver-main\openvr\samples\driver_sample\x64\release\driver_sample.tlog\link.read.1.tlog
c:\users\kuba\downloads\webhandvrdriver-main\openvr\samples\driver_sample\x64\release\driver_sample.tlog\link.write.1.tlog
c:\users\kuba\downloads\webhandvrdriver-main\openvr\samples\driver_sample\x64\release\driver_sample.tlog\link.write.2u.tlog
